Determining if the pthread_create exist failed with the following output:
Change Dir: /home/eric/TAR-Group3-Drone/catkin_ws/build/gazebo_ros/CMakeFiles/CMakeTmp

Run Build Command:"/usr/bin/make" "cmTC_e5f1d/fast"
/usr/bin/make -f CMakeFiles/cmTC_e5f1d.dir/build.make CMakeFiles/cmTC_e5f1d.dir/build
make[1]: Entering directory '/home/eric/TAR-Group3-Drone/catkin_ws/build/gazebo_ros/CMakeFiles/CMakeTmp'
Building C object CMakeFiles/cmTC_e5f1d.dir/CheckSymbolExists.c.o
/usr/bin/cc    -o CMakeFiles/cmTC_e5f1d.dir/CheckSymbolExists.c.o   -c /home/eric/TAR-Group3-Drone/catkin_ws/build/gazebo_ros/CMakeFiles/CMakeTmp/CheckSymbolExists.c
Linking C executable cmTC_e5f1d
/usr/bin/cmake -E cmake_link_script CMakeFiles/cmTC_e5f1d.dir/link.txt --verbose=1
/usr/bin/cc      -rdynamic CMakeFiles/cmTC_e5f1d.dir/CheckSymbolExists.c.o  -o cmTC_e5f1d 
CMakeFiles/cmTC_e5f1d.dir/CheckSymbolExists.c.o: In function `main':
CheckSymbolExists.c:(.text+0x1b): undefined reference to `pthread_create'
collect2: error: ld returned 1 exit status
CMakeFiles/cmTC_e5f1d.dir/build.make:97: recipe for target 'cmTC_e5f1d' failed
make[1]: *** [cmTC_e5f1d] Error 1
make[1]: Leaving directory '/home/eric/TAR-Group3-Drone/catkin_ws/build/gazebo_ros/CMakeFiles/CMakeTmp'
Makefile:126: recipe for target 'cmTC_e5f1d/fast' failed
make: *** [cmTC_e5f1d/fast] Error 2

File /home/eric/TAR-Group3-Drone/catkin_ws/build/gazebo_ros/CMakeFiles/CMakeTmp/CheckSymbolExists.c:
/* */
#include <pthread.h>

int main(int argc, char** argv)
{
  (void)argv;
#ifndef pthread_create
  return ((int*)(&pthread_create))[argc];
#else
  (void)argc;
  return 0;
#endif
}

Determining if the function pthread_create exists in the pthreads failed with the following output:
Change Dir: /home/eric/TAR-Group3-Drone/catkin_ws/build/gazebo_ros/CMakeFiles/CMakeTmp

Run Build Command:"/usr/bin/make" "cmTC_b629e/fast"
/usr/bin/make -f CMakeFiles/cmTC_b629e.dir/build.make CMakeFiles/cmTC_b629e.dir/build
make[1]: Entering directory '/home/eric/TAR-Group3-Drone/catkin_ws/build/gazebo_ros/CMakeFiles/CMakeTmp'
Building C object CMakeFiles/cmTC_b629e.dir/CheckFunctionExists.c.o
/usr/bin/cc   -DCHECK_FUNCTION_EXISTS=pthread_create   -o CMakeFiles/cmTC_b629e.dir/CheckFunctionExists.c.o   -c /usr/share/cmake-3.10/Modules/CheckFunctionExists.c
Linking C executable cmTC_b629e
/usr/bin/cmake -E cmake_link_script CMakeFiles/cmTC_b629e.dir/link.txt --verbose=1
/usr/bin/cc  -DCHECK_FUNCTION_EXISTS=pthread_create    -rdynamic CMakeFiles/cmTC_b629e.dir/CheckFunctionExists.c.o  -o cmTC_b629e -lpthreads 
/usr/bin/ld: cannot find -lpthreads
collect2: error: ld returned 1 exit status
CMakeFiles/cmTC_b629e.dir/build.make:97: recipe for target 'cmTC_b629e' failed
make[1]: *** [cmTC_b629e] Error 1
make[1]: Leaving directory '/home/eric/TAR-Group3-Drone/catkin_ws/build/gazebo_ros/CMakeFiles/CMakeTmp'
Makefile:126: recipe for target 'cmTC_b629e/fast' failed
make: *** [cmTC_b629e/fast] Error 2


